\BOOKMARK [1][-]{section.1}{\376\377\145\207\150\143\116\313\176\315}{}% 1
\BOOKMARK [2][-]{subsection.1.1}{\376\377\145\207\150\143\166\356\166\204}{section.1}% 2
\BOOKMARK [2][-]{subsection.1.2}{\376\377\145\207\150\143\203\003\126\364}{section.1}% 3
\BOOKMARK [2][-]{subsection.1.3}{\376\377\213\373\200\005\133\371\214\141}{section.1}% 4
\BOOKMARK [2][-]{subsection.1.4}{\376\377\123\302\200\003\145\207\150\143}{section.1}% 5
\BOOKMARK [2][-]{subsection.1.5}{\376\377\147\057\213\355\116\016\177\051\121\231\211\343\221\312}{section.1}% 6
\BOOKMARK [1][-]{section.2}{\376\377\151\202\217\360}{}% 7
\BOOKMARK [2][-]{subsection.2.1}{\376\377\173\200\217\360}{section.2}% 8
\BOOKMARK [2][-]{subsection.2.2}{\376\377\165\050\142\067\177\244\117\123}{section.2}% 9
\BOOKMARK [3][-]{subsubsection.2.2.1}{\376\377\146\156\220\032\165\050\142\067}{subsection.2.2}% 10
\BOOKMARK [3][-]{subsubsection.2.2.2}{\376\377\173\241\164\006\124\130\165\050\142\067}{subsection.2.2}% 11
\BOOKMARK [3][-]{subsubsection.2.2.3}{\376\377\215\205\176\247\173\241\164\006\124\130\165\050\142\067}{subsection.2.2}% 12
\BOOKMARK [2][-]{subsection.2.3}{\376\377\166\370\121\163\150\007\121\306\211\304\203\003}{section.2}% 13
\BOOKMARK [2][-]{subsection.2.4}{\376\377\174\373\176\337\203\003\126\364}{section.2}% 14
\BOOKMARK [3][-]{subsubsection.2.4.1}{\376\377\165\050\142\067\220\032\165\050\122\237\200\375}{subsection.2.4}% 15
\BOOKMARK [3][-]{subsubsection.2.4.2}{\376\377\173\241\164\006\124\130\122\237\200\375}{subsection.2.4}% 16
\BOOKMARK [3][-]{subsubsection.2.4.3}{\376\377\215\205\176\247\173\241\164\006\124\130\122\237\200\375}{subsection.2.4}% 17
\BOOKMARK [1][-]{section.3}{\376\377\122\237\200\375\140\047\227\000\154\102}{}% 18
\BOOKMARK [2][-]{subsection.3.1}{\376\377\122\237\200\375\140\047\227\000\154\102\122\006\174\173}{section.3}% 19
\BOOKMARK [2][-]{subsection.3.2}{\376\377\165\050\142\067\134\125\171\072\152\041\127\127}{section.3}% 20
\BOOKMARK [3][-]{subsubsection.3.2.1}{\376\377\122\237\200\375\160\271\040\024\040\024\116\052\116\272\117\341\140\157\134\125\171\072\377\010\000F\000R\000-\000Y\000H\000Z\000S\000-\0000\0000\0000\0001\377\011}{subsection.3.2}% 21
\BOOKMARK [3][-]{subsubsection.3.2.2}{\376\377\122\237\200\375\160\271\040\024\040\024\150\300\155\113\213\260\137\125\134\125\171\072\377\010\000F\000R\000-\000Y\000H\000Z\000S\000-\0000\0000\0000\0002\377\011}{subsection.3.2}% 22
\BOOKMARK [3][-]{subsubsection.3.2.3}{\376\377\122\237\200\375\160\271\040\024\040\024\133\241\150\070\116\373\122\241\134\125\171\072\377\010\000F\000R\000-\000Y\000H\000Z\000S\000-\0000\0000\0000\0003\377\011}{subsection.3.2}% 23
\BOOKMARK [3][-]{subsubsection.3.2.4}{\376\377\122\237\200\375\160\271\040\024\040\024\171\076\123\072\123\315\231\210\134\125\171\072\377\010\000F\000R\000-\000Y\000H\000Z\000S\000-\0000\0000\0000\0004\377\011}{subsection.3.2}% 24
\BOOKMARK [3][-]{subsubsection.3.2.5}{\376\377\122\237\200\375\160\271\040\024\040\024\176\374\124\010\222\164\117\052\142\245\124\112\116\013\217\175\116\016\147\345\167\013\377\010\000F\000R\000-\000Y\000H\000Z\000S\000-\0000\0000\0000\0005\377\011}{subsection.3.2}% 25
\BOOKMARK [3][-]{subsubsection.3.2.6}{\376\377\122\237\200\375\160\271\040\024\040\024\116\272\135\345\133\241\150\070\217\333\136\246\116\016\176\323\147\234\147\345\213\342\377\010\000F\000R\000-\000Y\000H\000Z\000S\000-\0000\0000\0000\0006\377\011}{subsection.3.2}% 26
\BOOKMARK [2][-]{subsection.3.3}{\376\377\165\050\142\067\116\012\117\040\152\041\127\127}{section.3}% 27
\BOOKMARK [2][-]{subsection.3.4}{\376\377\165\050\142\067\116\012\117\040\152\041\127\127}{section.3}% 28
\BOOKMARK [3][-]{subsubsection.3.4.1}{\376\377\122\237\200\375\160\271\040\024\040\024\145\207\116\366\116\012\117\040\377\010\000F\000R\000-\000Y\000H\000S\000C\000-\0000\0000\0000\0001\377\011}{subsection.3.4}% 29
\BOOKMARK [3][-]{subsubsection.3.4.2}{\376\377\122\237\200\375\160\271\040\024\040\024\000A\000I\150\300\155\113\377\010\000F\000R\000-\000Y\000H\000S\000C\000-\0000\0000\0000\0002\377\011}{subsection.3.4}% 30
\BOOKMARK [3][-]{subsubsection.3.4.3}{\376\377\122\237\200\375\160\271\040\024\040\024\116\272\135\345\133\241\150\070\213\367\154\102\377\010\000F\000R\000-\000Y\000H\000S\000C\000-\0000\0000\0000\0003\377\011}{subsection.3.4}% 31
\BOOKMARK [3][-]{subsubsection.3.4.4}{\376\377\122\237\200\375\160\271\040\024\040\024\142\171\221\317\116\012\117\040\377\010\000F\000R\000-\000Y\000H\000S\000C\000-\0000\0000\0000\0004\377\011}{subsection.3.4}% 32
\BOOKMARK [3][-]{subsubsection.3.4.5}{\376\377\122\237\200\375\160\271\040\024\040\024\232\330\136\166\123\321\142\171\221\317\150\300\155\113\377\010\000F\000R\000-\000Y\000H\000S\000C\000-\0000\0000\0000\0005\377\011}{subsection.3.4}% 33
\BOOKMARK [3][-]{subsubsection.3.4.6}{\376\377\122\237\200\375\160\271\040\024\040\024\150\300\155\113\162\266\140\001\133\236\145\366\124\014\153\145\377\010\000F\000R\000-\000Y\000H\000S\000C\000-\0000\0000\0000\0006\377\011}{subsection.3.4}% 34
\BOOKMARK [2][-]{subsection.3.5}{\376\377\165\050\142\067\133\241\150\070\152\041\127\127}{section.3}% 35
\BOOKMARK [2][-]{subsection.3.6}{\376\377\165\050\142\067\133\241\150\070\152\041\127\127}{section.3}% 36
\BOOKMARK [3][-]{subsubsection.3.6.1}{\376\377\122\237\200\375\160\271\040\024\040\024\133\241\150\070\116\373\122\241\134\125\171\072\000\040\377\010\000F\000R\000-\000Y\000H\000S\000H\000-\0000\0000\0000\0001\377\011}{subsection.3.6}% 37
\BOOKMARK [3][-]{subsubsection.3.6.2}{\376\377\122\237\200\375\160\271\040\024\040\024\165\050\142\067\133\241\150\070\377\010\000F\000R\000-\000Y\000H\000S\000H\000-\0000\0000\0000\0002\377\011}{subsection.3.6}% 38
\BOOKMARK [3][-]{subsubsection.3.6.3}{\376\377\122\237\200\375\160\271\040\024\040\024\213\304\213\272\160\271\215\136\377\010\000F\000R\000-\000Y\000H\000S\000H\000-\0000\0000\0000\0003\377\011}{subsection.3.6}% 39
\BOOKMARK [3][-]{subsubsection.3.6.4}{\376\377\122\237\200\375\160\271\040\024\040\024\165\050\142\067\116\076\142\245\377\010\000F\000R\000-\000Y\000H\000S\000H\000-\0000\0000\0000\0004\377\011}{subsection.3.6}% 40
\BOOKMARK [3][-]{subsubsection.3.6.5}{\376\377\122\237\200\375\160\271\040\024\040\024\213\272\145\207\116\272\135\345\133\241\150\070\377\010\000F\000R\000-\000Y\000H\000S\000H\000-\0000\0000\0000\0005\377\011}{subsection.3.6}% 41
\BOOKMARK [3][-]{subsubsection.3.6.6}{\376\377\122\237\200\375\160\271\040\024\040\024\000R\000e\000v\000i\000e\000w\116\272\135\345\133\241\150\070\377\010\000F\000R\000-\000Y\000H\000S\000H\000-\0000\0000\0000\0006\377\011}{subsection.3.6}% 42
\BOOKMARK [3][-]{subsubsection.3.6.7}{\376\377\122\237\200\375\160\271\040\024\040\024\116\272\135\345\133\241\150\070\176\323\147\234\154\107\140\073\377\010\000F\000R\000-\000Y\000H\000S\000H\000-\0000\0000\0000\0007\377\011}{subsection.3.6}% 43
\BOOKMARK [2][-]{subsection.3.7}{\376\377\133\146\147\057\121\205\133\271\150\300\155\113\152\041\127\127}{section.3}% 44
\BOOKMARK [3][-]{subsubsection.3.7.1}{\376\377\122\237\200\375\160\271\040\024\040\024\121\150\173\307\213\272\145\207\000A\000I\000G\000C\150\300\155\113\377\010\000F\000R\000-\000L\000W\000J\000C\000-\0000\0000\0000\0001\377\011}{subsection.3.7}% 45
\BOOKMARK [3][-]{subsubsection.3.7.2}{\376\377\122\237\200\375\160\271\040\024\040\024\000A\000I\165\037\142\020\153\265\204\075\213\306\122\053\377\010\000F\000R\000-\000L\000W\000J\000C\000-\0000\0000\0000\0002\377\011}{subsection.3.7}% 46
\BOOKMARK [3][-]{subsubsection.3.7.3}{\376\377\122\237\200\375\160\271\040\024\040\024\153\265\204\075\176\247\000A\000I\165\037\142\020\151\202\163\207\122\006\147\220\377\010\000F\000R\000-\000L\000W\000J\000C\000-\0000\0000\0000\0003\377\011}{subsection.3.7}% 47
\BOOKMARK [3][-]{subsubsection.3.7.4}{\376\377\122\237\200\375\160\271\040\024\040\024\116\213\133\236\140\047\222\164\117\052\133\120\176\323\213\272\165\037\142\020\377\010\000F\000R\000-\000L\000W\000J\000C\000-\0000\0000\0000\0004\377\011}{subsection.3.7}% 48
\BOOKMARK [3][-]{subsubsection.3.7.5}{\376\377\122\237\200\375\160\271\040\024\040\024\116\213\133\236\140\047\222\164\117\052\123\237\126\340\213\364\146\016\377\010\000F\000R\000-\000L\000W\000J\000C\000-\0000\0000\0000\0005\377\011}{subsection.3.7}% 49
\BOOKMARK [3][-]{subsubsection.3.7.6}{\376\377\122\237\200\375\160\271\040\024\040\024\124\014\210\114\213\304\133\241\000R\000e\000v\000i\000e\000w\150\300\155\113\377\010\000F\000R\000-\000P\000L\000J\000C\000-\0000\0000\0000\0001\377\011}{subsection.3.7}% 50
\BOOKMARK [3][-]{subsubsection.3.7.7}{\376\377\122\237\200\375\160\271\040\024\040\024\152\041\147\177\123\026\213\304\133\241\120\076\124\021\213\306\122\053\377\010\000F\000R\000-\000P\000L\000J\000C\000-\0000\0000\0000\0002\377\011}{subsection.3.7}% 51
\BOOKMARK [3][-]{subsubsection.3.7.8}{\376\377\122\237\200\375\160\271\040\024\040\024\176\374\124\010\222\164\117\052\176\323\147\234\165\037\142\020\377\010\000F\000R\000-\000N\000R\000J\000C\000-\0000\0000\0000\0001\377\011}{subsection.3.7}% 52
\BOOKMARK [3][-]{subsubsection.3.7.9}{\376\377\122\237\200\375\160\271\040\024\040\024\150\300\155\113\176\323\147\234\123\357\211\306\123\026\211\343\221\312\377\010\000F\000R\000-\000N\000R\000J\000C\000-\0000\0000\0000\0002\377\011}{subsection.3.7}% 53
\BOOKMARK [2][-]{subsection.3.8}{\376\377\173\241\164\006\176\364\142\244\152\041\127\127}{section.3}% 54
\BOOKMARK [3][-]{subsubsection.3.8.1}{\376\377\122\237\200\375\160\271\040\024\040\024\133\236\117\123\155\373\122\240\377\010\000F\000R\000-\000G\000L\000W\000H\000-\0000\0000\0000\0001\377\011}{subsection.3.8}% 55
\BOOKMARK [3][-]{subsubsection.3.8.2}{\376\377\122\237\200\375\160\271\040\024\040\024\133\236\117\123\117\356\145\071\377\010\000F\000R\000-\000G\000L\000W\000H\000-\0000\0000\0000\0002\377\011}{subsection.3.8}% 56
\BOOKMARK [3][-]{subsubsection.3.8.3}{\376\377\122\237\200\375\160\271\040\024\040\024\133\236\117\123\122\040\226\144\377\010\000F\000R\000-\000G\000L\000W\000H\000-\0000\0000\0000\0003\377\011}{subsection.3.8}% 57
\BOOKMARK [3][-]{subsubsection.3.8.4}{\376\377\122\237\200\375\160\271\040\024\040\024\133\236\117\123\150\300\175\042\377\010\000F\000R\000-\000G\000L\000W\000H\000-\0000\0000\0000\0004\377\011}{subsection.3.8}% 58
\BOOKMARK [3][-]{subsubsection.3.8.5}{\376\377\122\237\200\375\160\271\040\024\040\024\133\236\117\123\122\006\174\173\377\010\000F\000R\000-\000G\000L\000W\000H\000-\0000\0000\0000\0005\377\011}{subsection.3.8}% 59
\BOOKMARK [3][-]{subsubsection.3.8.6}{\376\377\122\237\200\375\160\271\040\024\040\024\145\160\143\156\117\341\140\157\176\337\213\241\377\010\000F\000R\000-\000G\000L\000W\000H\000-\0000\0000\0000\0006\377\011}{subsection.3.8}% 60
\BOOKMARK [3][-]{subsubsection.3.8.7}{\376\377\122\237\200\375\160\271\040\024\040\024\144\315\117\134\213\260\137\125\176\337\213\241\377\010\000F\000R\000-\000G\000L\000W\000H\000-\0000\0000\0000\0007\377\011}{subsection.3.8}% 61
\BOOKMARK [3][-]{subsubsection.3.8.8}{\376\377\122\237\200\375\160\271\040\024\040\024\215\205\176\247\173\241\164\006\124\130\377\010\000F\000R\000-\000G\000L\000W\000H\000-\0000\0000\0000\0008\377\011}{subsection.3.8}% 62
\BOOKMARK [3][-]{subsubsection.3.8.9}{\376\377\122\237\200\375\160\271\040\024\040\024\165\050\142\067\116\076\142\245\133\241\150\070\377\010\000F\000R\000-\000G\000L\000W\000H\000-\0000\0000\0000\0009\377\011}{subsection.3.8}% 63
\BOOKMARK [3][-]{subsubsection.3.8.10}{\376\377\122\237\200\375\160\271\040\024\040\024\133\146\147\057\215\104\156\220\173\241\164\006\377\010\000F\000R\000-\000G\000L\000W\000H\000-\0000\0000\0001\0000\377\011}{subsection.3.8}% 64
\BOOKMARK [3][-]{subsubsection.3.8.11}{\376\377\122\237\200\375\160\271\040\024\040\024\213\272\145\207\150\300\155\113\145\345\137\327\173\241\164\006\377\010\000F\000R\000-\000G\000L\000W\000H\000-\0000\0000\0001\0001\377\011}{subsection.3.8}% 65
\BOOKMARK [3][-]{subsubsection.3.8.12}{\376\377\122\237\200\375\160\271\040\024\040\024\000R\000e\000v\000i\000e\000w\150\300\155\113\145\345\137\327\173\241\164\006\377\010\000F\000R\000-\000G\000L\000W\000H\000-\0000\0000\0001\0002\377\011}{subsection.3.8}% 66
\BOOKMARK [3][-]{subsubsection.3.8.13}{\376\377\122\237\200\375\160\271\040\024\040\024\152\041\127\213\173\241\164\006\116\016\221\115\177\156\377\010\000F\000R\000-\000G\000L\000W\000H\000-\0000\0000\0001\0003\377\011}{subsection.3.8}% 67
\BOOKMARK [1][-]{section.4}{\376\377\227\136\122\237\200\375\140\047\227\000\154\102}{}% 68
\BOOKMARK [2][-]{subsection.4.1}{\376\377\165\050\142\067\165\114\227\142\116\016\116\244\116\222\227\000\154\102}{section.4}% 69
\BOOKMARK [2][-]{subsection.4.2}{\376\377\217\320\210\114\163\257\130\203\116\016\121\174\133\271\140\047\227\000\154\102}{section.4}% 70
\BOOKMARK [2][-]{subsection.4.3}{\376\377\140\047\200\375\116\016\133\271\221\317\227\000\154\102}{section.4}% 71
\BOOKMARK [3][-]{subsubsection.4.3.1}{\376\377\140\047\200\375\227\000\154\102}{subsection.4.3}% 72
\BOOKMARK [3][-]{subsubsection.4.3.2}{\376\377\133\271\221\317\227\000\154\102}{subsection.4.3}% 73
\BOOKMARK [2][-]{subsection.4.4}{\376\377\133\211\121\150\116\016\147\103\226\120\143\247\122\066\227\000\154\102}{section.4}% 74
\BOOKMARK [2][-]{subsection.4.5}{\376\377\145\160\143\156\060\001\145\345\137\327\116\016\142\245\124\112\173\241\164\006\227\000\154\102}{section.4}% 75
\BOOKMARK [3][-]{subsubsection.4.5.1}{\376\377\145\160\143\156\176\246\147\137}{subsection.4.5}% 76
\BOOKMARK [3][-]{subsubsection.4.5.2}{\376\377\145\345\137\327\173\241\164\006\227\000\154\102}{subsection.4.5}% 77
\BOOKMARK [3][-]{subsubsection.4.5.3}{\376\377\176\374\124\010\222\164\117\052\142\245\124\112\173\241\164\006\227\000\154\102}{subsection.4.5}% 78
\BOOKMARK [2][-]{subsection.4.6}{\376\377\123\357\227\140\140\047\060\001\123\357\165\050\140\047\116\016\140\142\131\015\227\000\154\102}{section.4}% 79
\BOOKMARK [2][-]{subsection.4.7}{\376\377\123\357\176\364\142\244\140\047\060\001\123\357\142\151\134\125\140\047\116\016\116\343\170\001\215\050\221\317\227\000\154\102}{section.4}% 80
\BOOKMARK [3][-]{subsubsection.4.7.1}{\376\377\123\357\176\364\142\244\140\047\116\016\123\357\142\151\134\125\140\047}{subsection.4.7}% 81
\BOOKMARK [3][-]{subsubsection.4.7.2}{\376\377\116\343\170\001\215\050\221\317\211\201\154\102}{subsection.4.7}% 82
\BOOKMARK [2][-]{subsection.4.8}{\376\377\176\323\147\234\123\357\211\343\221\312\140\047\116\016\116\032\122\241\133\241\141\116\140\047\227\000\154\102}{section.4}% 83
